<?xml version="1.0"?>
<!DOCTYPE coverage SYSTEM "http://cobertura.sourceforge.net/xml/coverage-04.dtd">

<coverage line-rate="0.9045801526717557" branch-rate="0.9230769230769231" lines-covered="237" lines-valid="262" branches-covered="72" branches-valid="78" complexity="1.7301587301587302" version="1.9.4.1" timestamp="1462193860178">
	<sources>
		<source>/home/susisusi/Asiakirjat/HY/Ohtu/Miniprojekti/poytasaha/src/main/java</source>
		<source>--source</source>
	</sources>
	<packages>
		<package name="ohtu.data_access" line-rate="0.84" branch-rate="0.8928571428571429" complexity="2.5">
			<classes>
				<class name="ohtu.data_access.FileReferenceDao" filename="ohtu/data_access/FileReferenceDao.java" line-rate="0.84" branch-rate="0.8928571428571429" complexity="3.076923076923077">
					<methods>
						<method name="&lt;init&gt;" signature="()V" line-rate="1.0" branch-rate="1.0">
							<lines>
								<line number="28" hits="13" branch="false"/>
								<line number="29" hits="92" branch="false"/>
								<line number="30" hits="92" branch="false"/>
								<line number="31" hits="92" branch="false"/>
								<line number="32" hits="79" branch="false"/>
							</lines>
						</method>
						<method name="&lt;init&gt;" signature="(Lohtu/io/FileIOInterface;)V" line-rate="1.0" branch-rate="1.0">
							<lines>
								<line number="33" hits="9" branch="false"/>
								<line number="34" hits="68" branch="false"/>
								<line number="35" hits="68" branch="false"/>
								<line number="36" hits="68" branch="false"/>
								<line number="37" hits="59" branch="false"/>
							</lines>
						</method>
						<method name="add" signature="(Ljava/util/HashMap;)V" line-rate="1.0" branch-rate="0.875">
							<lines>
								<line number="50" hits="5" branch="false"/>
								<line number="51" hits="30" branch="true" condition-coverage="100% (2/2)">
									<conditions>
										<condition number="0" type="jump" coverage="100%"/>
									</conditions>
								</line>
								<line number="52" hits="27" branch="true" condition-coverage="100% (2/2)">
									<conditions>
										<condition number="0" type="jump" coverage="100%"/>
									</conditions>
								</line>
								<line number="53" hits="13" branch="true" condition-coverage="100% (2/2)">
									<conditions>
										<condition number="0" type="jump" coverage="100%"/>
									</conditions>
								</line>
								<line number="54" hits="16" branch="true" condition-coverage="100% (2/2)">
									<conditions>
										<condition number="0" type="jump" coverage="100%"/>
									</conditions>
								</line>
								<line number="55" hits="7" branch="true" condition-coverage="100% (2/2)">
									<conditions>
										<condition number="0" type="jump" coverage="100%"/>
									</conditions>
								</line>
								<line number="56" hits="11" branch="true" condition-coverage="100% (2/2)">
									<conditions>
										<condition number="0" type="jump" coverage="100%"/>
									</conditions>
								</line>
								<line number="57" hits="6" branch="true" condition-coverage="50% (1/2)">
									<conditions>
										<condition number="0" type="jump" coverage="50%"/>
									</conditions>
								</line>
								<line number="58" hits="6" branch="true" condition-coverage="50% (1/2)">
									<conditions>
										<condition number="0" type="jump" coverage="50%"/>
									</conditions>
								</line>
								<line number="59" hits="5" branch="false"/>
								<line number="60" hits="5" branch="false"/>
								<line number="61" hits="30" branch="false"/>
								<line number="62" hits="30" branch="false"/>
								<line number="63" hits="25" branch="false"/>
							</lines>
						</method>
						<method name="add" signature="(Lohtu/domain/Reference;)V" line-rate="1.0" branch-rate="1.0">
							<lines>
								<line number="45" hits="45" branch="false"/>
								<line number="46" hits="326" branch="false"/>
								<line number="47" hits="281" branch="false"/>
							</lines>
						</method>
						<method name="giveAllReferencesFromOneFormat" signature="(Ljava/lang/String;)Ljava/lang/String;" line-rate="1.0" branch-rate="1.0">
							<lines>
								<line number="94" hits="1" branch="false"/>
								<line number="95" hits="6" branch="true" condition-coverage="100% (2/2)">
									<conditions>
										<condition number="0" type="jump" coverage="100%"/>
									</conditions>
								</line>
								<line number="96" hits="9" branch="true" condition-coverage="100% (2/2)">
									<conditions>
										<condition number="0" type="jump" coverage="100%"/>
									</conditions>
								</line>
								<line number="97" hits="21" branch="true" condition-coverage="100% (2/2)">
									<conditions>
										<condition number="0" type="jump" coverage="100%"/>
									</conditions>
								</line>
								<line number="98" hits="5" branch="false"/>
								<line number="99" hits="4" branch="false"/>
								<line number="100" hits="21" branch="false"/>
								<line number="101" hits="6" branch="true" condition-coverage="100% (2/2)">
									<conditions>
										<condition number="0" type="jump" coverage="100%"/>
									</conditions>
								</line>
								<line number="102" hits="6" branch="true" condition-coverage="100% (2/2)">
									<conditions>
										<condition number="0" type="jump" coverage="100%"/>
									</conditions>
								</line>
								<line number="103" hits="6" branch="false"/>
								<line number="104" hits="6" branch="false"/>
								<line number="105" hits="6" branch="false"/>
								<line number="106" hits="5" branch="false"/>
							</lines>
						</method>
						<method name="listAll" signature="()Ljava/util/List;" line-rate="1.0" branch-rate="1.0">
							<lines>
								<line number="40" hits="5" branch="false"/>
								<line number="41" hits="25" branch="false"/>
							</lines>
						</method>
						<method name="loadfromBibtex" signature="(Ljava/lang/String;)V" line-rate="0.0" branch-rate="0.0">
							<lines>
								<line number="114" hits="0" branch="false"/>
								<line number="115" hits="0" branch="false"/>
								<line number="116" hits="0" branch="false"/>
								<line number="117" hits="0" branch="true" condition-coverage="0% (0/2)">
									<conditions>
										<condition number="0" type="jump" coverage="0%"/>
									</conditions>
								</line>
								<line number="118" hits="0" branch="true" condition-coverage="0% (0/2)">
									<conditions>
										<condition number="0" type="jump" coverage="0%"/>
									</conditions>
								</line>
								<line number="119" hits="0" branch="false"/>
								<line number="121" hits="0" branch="false"/>
								<line number="122" hits="0" branch="false"/>
								<line number="123" hits="0" branch="false"/>
								<line number="124" hits="0" branch="false"/>
							</lines>
						</method>
						<method name="parseReference" signature="(Ljava/lang/String;)Lohtu/domain/Reference;" line-rate="1.0" branch-rate="1.0">
							<lines>
								<line number="157" hits="6" branch="false"/>
								<line number="159" hits="6" branch="false"/>
								<line number="161" hits="6" branch="false"/>
								<line number="162" hits="6" branch="false"/>
								<line number="163" hits="6" branch="true" condition-coverage="100% (2/2)">
									<conditions>
										<condition number="0" type="jump" coverage="100%"/>
									</conditions>
								</line>
								<line number="164" hits="3" branch="false"/>
								<line number="166" hits="3" branch="false"/>
								<line number="168" hits="3" branch="false"/>
								<line number="169" hits="3" branch="true" condition-coverage="100% (2/2)">
									<conditions>
										<condition number="0" type="jump" coverage="100%"/>
									</conditions>
								</line>
								<line number="170" hits="9" branch="true" condition-coverage="100% (2/2)">
									<conditions>
										<condition number="0" type="jump" coverage="100%"/>
									</conditions>
								</line>
								<line number="171" hits="2" branch="false"/>
								<line number="173" hits="7" branch="false"/>
								<line number="174" hits="7" branch="false"/>
								<line number="175" hits="7" branch="false"/>
								<line number="176" hits="7" branch="true" condition-coverage="100% (2/2)">
									<conditions>
										<condition number="0" type="jump" coverage="100%"/>
									</conditions>
								</line>
								<line number="179" hits="2" branch="false"/>
								<line number="182" hits="7" branch="false"/>
								<line number="184" hits="3" branch="false"/>
							</lines>
						</method>
						<method name="save" signature="(Ljava/lang/String;)V" line-rate="0.0" branch-rate="1.0">
							<lines>
								<line number="89" hits="0" branch="false"/>
								<line number="90" hits="0" branch="false"/>
								<line number="91" hits="0" branch="false"/>
								<line number="92" hits="0" branch="false"/>
							</lines>
						</method>
						<method name="searchByCitationKey" signature="(Ljava/lang/String;)Lohtu/domain/Reference;" line-rate="1.0" branch-rate="1.0">
							<lines>
								<line number="71" hits="4" branch="true" condition-coverage="100% (2/2)">
									<conditions>
										<condition number="0" type="jump" coverage="100%"/>
									</conditions>
								</line>
								<line number="72" hits="31" branch="true" condition-coverage="100% (2/2)">
									<conditions>
										<condition number="0" type="jump" coverage="100%"/>
									</conditions>
								</line>
								<line number="73" hits="57" branch="true" condition-coverage="100% (2/2)">
									<conditions>
										<condition number="0" type="jump" coverage="100%"/>
									</conditions>
								</line>
								<line number="74" hits="10" branch="false"/>
								<line number="75" hits="9" branch="false"/>
								<line number="76" hits="47" branch="false"/>
								<line number="77" hits="10" branch="false"/>
							</lines>
						</method>
						<method name="searchByContext" signature="(Ljava/lang/String;)Lohtu/domain/Reference;" line-rate="0.0" branch-rate="1.0">
							<lines>
								<line number="66" hits="0" branch="false"/>
								<line number="67" hits="0" branch="false"/>
							</lines>
						</method>
						<method name="selectType" signature="(CLjava/lang/String;)Lohtu/domain/Reference;" line-rate="1.0" branch-rate="1.0">
							<lines>
								<line number="132" hits="26" branch="false"/>
								<line number="133" hits="26" branch="true" condition-coverage="100% (2/2)">
									<conditions>
										<condition number="0" type="jump" coverage="100%"/>
									</conditions>
								</line>
								<line number="134" hits="7" branch="false"/>
								<line number="136" hits="19" branch="true" condition-coverage="100% (2/2)">
									<conditions>
										<condition number="0" type="jump" coverage="100%"/>
									</conditions>
								</line>
								<line number="137" hits="4" branch="false"/>
								<line number="140" hits="15" branch="true" condition-coverage="100% (2/2)">
									<conditions>
										<condition number="0" type="jump" coverage="100%"/>
									</conditions>
								</line>
								<line number="141" hits="4" branch="false"/>
								<line number="144" hits="11" branch="true" condition-coverage="100% (2/2)">
									<conditions>
										<condition number="0" type="jump" coverage="100%"/>
									</conditions>
								</line>
								<line number="145" hits="4" branch="false"/>
								<line number="148" hits="7" branch="false"/>
							</lines>
						</method>
						<method name="toBibtex" signature="()Ljava/lang/String;" line-rate="1.0" branch-rate="1.0">
							<lines>
								<line number="80" hits="12" branch="false"/>
								<line number="81" hits="72" branch="true" condition-coverage="100% (2/2)">
									<conditions>
										<condition number="0" type="jump" coverage="100%"/>
									</conditions>
								</line>
								<line number="82" hits="72" branch="true" condition-coverage="100% (2/2)">
									<conditions>
										<condition number="0" type="jump" coverage="100%"/>
									</conditions>
								</line>
								<line number="83" hits="72" branch="false"/>
								<line number="84" hits="72" branch="false"/>
								<line number="85" hits="72" branch="false"/>
								<line number="86" hits="60" branch="false"/>
							</lines>
						</method>
					</methods>
					<lines>
						<line number="28" hits="13" branch="false"/>
						<line number="29" hits="92" branch="false"/>
						<line number="30" hits="92" branch="false"/>
						<line number="31" hits="92" branch="false"/>
						<line number="32" hits="79" branch="false"/>
						<line number="33" hits="9" branch="false"/>
						<line number="34" hits="68" branch="false"/>
						<line number="35" hits="68" branch="false"/>
						<line number="36" hits="68" branch="false"/>
						<line number="37" hits="59" branch="false"/>
						<line number="40" hits="5" branch="false"/>
						<line number="41" hits="25" branch="false"/>
						<line number="45" hits="45" branch="false"/>
						<line number="46" hits="326" branch="false"/>
						<line number="47" hits="281" branch="false"/>
						<line number="50" hits="5" branch="false"/>
						<line number="51" hits="30" branch="true" condition-coverage="100% (2/2)">
							<conditions>
								<condition number="0" type="jump" coverage="100%"/>
							</conditions>
						</line>
						<line number="52" hits="27" branch="true" condition-coverage="100% (2/2)">
							<conditions>
								<condition number="0" type="jump" coverage="100%"/>
							</conditions>
						</line>
						<line number="53" hits="13" branch="true" condition-coverage="100% (2/2)">
							<conditions>
								<condition number="0" type="jump" coverage="100%"/>
							</conditions>
						</line>
						<line number="54" hits="16" branch="true" condition-coverage="100% (2/2)">
							<conditions>
								<condition number="0" type="jump" coverage="100%"/>
							</conditions>
						</line>
						<line number="55" hits="7" branch="true" condition-coverage="100% (2/2)">
							<conditions>
								<condition number="0" type="jump" coverage="100%"/>
							</conditions>
						</line>
						<line number="56" hits="11" branch="true" condition-coverage="100% (2/2)">
							<conditions>
								<condition number="0" type="jump" coverage="100%"/>
							</conditions>
						</line>
						<line number="57" hits="6" branch="true" condition-coverage="50% (1/2)">
							<conditions>
								<condition number="0" type="jump" coverage="50%"/>
							</conditions>
						</line>
						<line number="58" hits="6" branch="true" condition-coverage="50% (1/2)">
							<conditions>
								<condition number="0" type="jump" coverage="50%"/>
							</conditions>
						</line>
						<line number="59" hits="5" branch="false"/>
						<line number="60" hits="5" branch="false"/>
						<line number="61" hits="30" branch="false"/>
						<line number="62" hits="30" branch="false"/>
						<line number="63" hits="25" branch="false"/>
						<line number="66" hits="0" branch="false"/>
						<line number="67" hits="0" branch="false"/>
						<line number="71" hits="4" branch="true" condition-coverage="100% (2/2)">
							<conditions>
								<condition number="0" type="jump" coverage="100%"/>
							</conditions>
						</line>
						<line number="72" hits="31" branch="true" condition-coverage="100% (2/2)">
							<conditions>
								<condition number="0" type="jump" coverage="100%"/>
							</conditions>
						</line>
						<line number="73" hits="57" branch="true" condition-coverage="100% (2/2)">
							<conditions>
								<condition number="0" type="jump" coverage="100%"/>
							</conditions>
						</line>
						<line number="74" hits="10" branch="false"/>
						<line number="75" hits="9" branch="false"/>
						<line number="76" hits="47" branch="false"/>
						<line number="77" hits="10" branch="false"/>
						<line number="80" hits="12" branch="false"/>
						<line number="81" hits="72" branch="true" condition-coverage="100% (2/2)">
							<conditions>
								<condition number="0" type="jump" coverage="100%"/>
							</conditions>
						</line>
						<line number="82" hits="72" branch="true" condition-coverage="100% (2/2)">
							<conditions>
								<condition number="0" type="jump" coverage="100%"/>
							</conditions>
						</line>
						<line number="83" hits="72" branch="false"/>
						<line number="84" hits="72" branch="false"/>
						<line number="85" hits="72" branch="false"/>
						<line number="86" hits="60" branch="false"/>
						<line number="89" hits="0" branch="false"/>
						<line number="90" hits="0" branch="false"/>
						<line number="91" hits="0" branch="false"/>
						<line number="92" hits="0" branch="false"/>
						<line number="94" hits="1" branch="false"/>
						<line number="95" hits="6" branch="true" condition-coverage="100% (2/2)">
							<conditions>
								<condition number="0" type="jump" coverage="100%"/>
							</conditions>
						</line>
						<line number="96" hits="9" branch="true" condition-coverage="100% (2/2)">
							<conditions>
								<condition number="0" type="jump" coverage="100%"/>
							</conditions>
						</line>
						<line number="97" hits="21" branch="true" condition-coverage="100% (2/2)">
							<conditions>
								<condition number="0" type="jump" coverage="100%"/>
							</conditions>
						</line>
						<line number="98" hits="5" branch="false"/>
						<line number="99" hits="4" branch="false"/>
						<line number="100" hits="21" branch="false"/>
						<line number="101" hits="6" branch="true" condition-coverage="100% (2/2)">
							<conditions>
								<condition number="0" type="jump" coverage="100%"/>
							</conditions>
						</line>
						<line number="102" hits="6" branch="true" condition-coverage="100% (2/2)">
							<conditions>
								<condition number="0" type="jump" coverage="100%"/>
							</conditions>
						</line>
						<line number="103" hits="6" branch="false"/>
						<line number="104" hits="6" branch="false"/>
						<line number="105" hits="6" branch="false"/>
						<line number="106" hits="5" branch="false"/>
						<line number="114" hits="0" branch="false"/>
						<line number="115" hits="0" branch="false"/>
						<line number="116" hits="0" branch="false"/>
						<line number="117" hits="0" branch="true" condition-coverage="0% (0/2)">
							<conditions>
								<condition number="0" type="jump" coverage="0%"/>
							</conditions>
						</line>
						<line number="118" hits="0" branch="true" condition-coverage="0% (0/2)">
							<conditions>
								<condition number="0" type="jump" coverage="0%"/>
							</conditions>
						</line>
						<line number="119" hits="0" branch="false"/>
						<line number="121" hits="0" branch="false"/>
						<line number="122" hits="0" branch="false"/>
						<line number="123" hits="0" branch="false"/>
						<line number="124" hits="0" branch="false"/>
						<line number="132" hits="26" branch="false"/>
						<line number="133" hits="26" branch="true" condition-coverage="100% (2/2)">
							<conditions>
								<condition number="0" type="jump" coverage="100%"/>
							</conditions>
						</line>
						<line number="134" hits="7" branch="false"/>
						<line number="136" hits="19" branch="true" condition-coverage="100% (2/2)">
							<conditions>
								<condition number="0" type="jump" coverage="100%"/>
							</conditions>
						</line>
						<line number="137" hits="4" branch="false"/>
						<line number="140" hits="15" branch="true" condition-coverage="100% (2/2)">
							<conditions>
								<condition number="0" type="jump" coverage="100%"/>
							</conditions>
						</line>
						<line number="141" hits="4" branch="false"/>
						<line number="144" hits="11" branch="true" condition-coverage="100% (2/2)">
							<conditions>
								<condition number="0" type="jump" coverage="100%"/>
							</conditions>
						</line>
						<line number="145" hits="4" branch="false"/>
						<line number="148" hits="7" branch="false"/>
						<line number="157" hits="6" branch="false"/>
						<line number="159" hits="6" branch="false"/>
						<line number="161" hits="6" branch="false"/>
						<line number="162" hits="6" branch="false"/>
						<line number="163" hits="6" branch="true" condition-coverage="100% (2/2)">
							<conditions>
								<condition number="0" type="jump" coverage="100%"/>
							</conditions>
						</line>
						<line number="164" hits="3" branch="false"/>
						<line number="166" hits="3" branch="false"/>
						<line number="168" hits="3" branch="false"/>
						<line number="169" hits="3" branch="true" condition-coverage="100% (2/2)">
							<conditions>
								<condition number="0" type="jump" coverage="100%"/>
							</conditions>
						</line>
						<line number="170" hits="9" branch="true" condition-coverage="100% (2/2)">
							<conditions>
								<condition number="0" type="jump" coverage="100%"/>
							</conditions>
						</line>
						<line number="171" hits="2" branch="false"/>
						<line number="173" hits="7" branch="false"/>
						<line number="174" hits="7" branch="false"/>
						<line number="175" hits="7" branch="false"/>
						<line number="176" hits="7" branch="true" condition-coverage="100% (2/2)">
							<conditions>
								<condition number="0" type="jump" coverage="100%"/>
							</conditions>
						</line>
						<line number="179" hits="2" branch="false"/>
						<line number="182" hits="7" branch="false"/>
						<line number="184" hits="3" branch="false"/>
					</lines>
				</class>
				<class name="ohtu.data_access.ReferenceDao" filename="ohtu/data_access/ReferenceDao.java" line-rate="1.0" branch-rate="1.0" complexity="1.0">
					<methods>
					</methods>
					<lines>
					</lines>
				</class>
			</classes>
		</package>
		<package name="ohtu.domain" line-rate="0.9701492537313433" branch-rate="1.0" complexity="1.434782608695652">
			<classes>
				<class name="ohtu.domain.Article" filename="ohtu/domain/Article.java" line-rate="1.0" branch-rate="1.0" complexity="1.0">
					<methods>
						<method name="&lt;init&gt;" signature="(Ljava/lang/String;)V" line-rate="1.0" branch-rate="1.0">
							<lines>
								<line number="13" hits="129" branch="false"/>
								<line number="14" hits="129" branch="false"/>
								<line number="16" hits="129" branch="false"/>
								<line number="17" hits="129" branch="false"/>
								<line number="19" hits="129" branch="false"/>
							</lines>
						</method>
						<method name="getType" signature="()Ljava/lang/String;" line-rate="1.0" branch-rate="1.0">
							<lines>
								<line number="28" hits="16" branch="false"/>
							</lines>
						</method>
						<method name="toBibtex" signature="()Ljava/lang/String;" line-rate="1.0" branch-rate="1.0">
							<lines>
								<line number="23" hits="24" branch="false"/>
							</lines>
						</method>
					</methods>
					<lines>
						<line number="13" hits="129" branch="false"/>
						<line number="14" hits="129" branch="false"/>
						<line number="16" hits="129" branch="false"/>
						<line number="17" hits="129" branch="false"/>
						<line number="19" hits="129" branch="false"/>
						<line number="23" hits="24" branch="false"/>
						<line number="28" hits="16" branch="false"/>
					</lines>
				</class>
				<class name="ohtu.domain.Book" filename="ohtu/domain/Book.java" line-rate="1.0" branch-rate="1.0" complexity="1.0">
					<methods>
						<method name="&lt;init&gt;" signature="(Ljava/lang/String;)V" line-rate="1.0" branch-rate="1.0">
							<lines>
								<line number="15" hits="120" branch="false"/>
								<line number="16" hits="120" branch="false"/>
								<line number="19" hits="120" branch="false"/>
								<line number="20" hits="120" branch="false"/>
								<line number="21" hits="120" branch="false"/>
							</lines>
						</method>
						<method name="getType" signature="()Ljava/lang/String;" line-rate="1.0" branch-rate="1.0">
							<lines>
								<line number="30" hits="16" branch="false"/>
							</lines>
						</method>
						<method name="toBibtex" signature="()Ljava/lang/String;" line-rate="1.0" branch-rate="1.0">
							<lines>
								<line number="25" hits="18" branch="false"/>
							</lines>
						</method>
					</methods>
					<lines>
						<line number="15" hits="120" branch="false"/>
						<line number="16" hits="120" branch="false"/>
						<line number="19" hits="120" branch="false"/>
						<line number="20" hits="120" branch="false"/>
						<line number="21" hits="120" branch="false"/>
						<line number="25" hits="18" branch="false"/>
						<line number="30" hits="16" branch="false"/>
					</lines>
				</class>
				<class name="ohtu.domain.Inproceedings" filename="ohtu/domain/Inproceedings.java" line-rate="1.0" branch-rate="1.0" complexity="1.0">
					<methods>
						<method name="&lt;init&gt;" signature="(Ljava/lang/String;)V" line-rate="1.0" branch-rate="1.0">
							<lines>
								<line number="14" hits="114" branch="false"/>
								<line number="15" hits="114" branch="false"/>
								<line number="18" hits="114" branch="false"/>
								<line number="19" hits="114" branch="false"/>
								<line number="20" hits="114" branch="false"/>
							</lines>
						</method>
						<method name="getType" signature="()Ljava/lang/String;" line-rate="1.0" branch-rate="1.0">
							<lines>
								<line number="29" hits="16" branch="false"/>
							</lines>
						</method>
						<method name="toBibtex" signature="()Ljava/lang/String;" line-rate="1.0" branch-rate="1.0">
							<lines>
								<line number="24" hits="18" branch="false"/>
							</lines>
						</method>
					</methods>
					<lines>
						<line number="14" hits="114" branch="false"/>
						<line number="15" hits="114" branch="false"/>
						<line number="18" hits="114" branch="false"/>
						<line number="19" hits="114" branch="false"/>
						<line number="20" hits="114" branch="false"/>
						<line number="24" hits="18" branch="false"/>
						<line number="29" hits="16" branch="false"/>
					</lines>
				</class>
				<class name="ohtu.domain.Manual" filename="ohtu/domain/Manual.java" line-rate="1.0" branch-rate="1.0" complexity="1.0">
					<methods>
						<method name="&lt;init&gt;" signature="(Ljava/lang/String;)V" line-rate="1.0" branch-rate="1.0">
							<lines>
								<line number="14" hits="96" branch="false"/>
								<line number="15" hits="96" branch="false"/>
								<line number="18" hits="96" branch="false"/>
								<line number="19" hits="96" branch="false"/>
								<line number="20" hits="96" branch="false"/>
							</lines>
						</method>
						<method name="getType" signature="()Ljava/lang/String;" line-rate="1.0" branch-rate="1.0">
							<lines>
								<line number="29" hits="16" branch="false"/>
							</lines>
						</method>
						<method name="toBibtex" signature="()Ljava/lang/String;" line-rate="1.0" branch-rate="1.0">
							<lines>
								<line number="24" hits="18" branch="false"/>
							</lines>
						</method>
					</methods>
					<lines>
						<line number="14" hits="96" branch="false"/>
						<line number="15" hits="96" branch="false"/>
						<line number="18" hits="96" branch="false"/>
						<line number="19" hits="96" branch="false"/>
						<line number="20" hits="96" branch="false"/>
						<line number="24" hits="18" branch="false"/>
						<line number="29" hits="16" branch="false"/>
					</lines>
				</class>
				<class name="ohtu.domain.Reference" filename="ohtu/domain/Reference.java" line-rate="0.9487179487179487" branch-rate="1.0" complexity="1.9090909090909092">
					<methods>
						<method name="&lt;init&gt;" signature="(Ljava/lang/String;)V" line-rate="1.0" branch-rate="1.0">
							<lines>
								<line number="29" hits="459" branch="false"/>
								<line number="30" hits="459" branch="false"/>
								<line number="31" hits="459" branch="false"/>
								<line number="32" hits="459" branch="false"/>
							</lines>
						</method>
						<method name="addFromHashMap" signature="(Ljava/util/HashMap;)Z" line-rate="1.0" branch-rate="1.0">
							<lines>
								<line number="42" hits="30" branch="true" condition-coverage="100% (2/2)">
									<conditions>
										<condition number="0" type="jump" coverage="100%"/>
									</conditions>
								</line>
								<line number="43" hits="48" branch="false"/>
								<line number="44" hits="48" branch="false"/>
								<line number="45" hits="30" branch="false"/>
							</lines>
						</method>
						<method name="addRequirements" signature="([Ljava/lang/String;[Ljava/lang/String;)V" line-rate="1.0" branch-rate="1.0">
							<lines>
								<line number="35" hits="459" branch="false"/>
								<line number="36" hits="459" branch="false"/>
								<line number="37" hits="459" branch="false"/>
							</lines>
						</method>
						<method name="addTag" signature="(Ljava/lang/String;Ljava/lang/String;)Ljava/lang/Boolean;" line-rate="1.0" branch-rate="1.0">
							<lines>
								<line number="49" hits="277" branch="true" condition-coverage="100% (2/2)">
									<conditions>
										<condition number="0" type="jump" coverage="100%"/>
									</conditions>
								</line>
								<line number="50" hits="84" branch="false"/>
								<line number="52" hits="193" branch="true" condition-coverage="100% (2/2)">
									<conditions>
										<condition number="0" type="jump" coverage="100%"/>
									</conditions>
								</line>
								<line number="53" hits="38" branch="false"/>
								<line number="55" hits="155" branch="false"/>
								<line number="56" hits="155" branch="false"/>
							</lines>
						</method>
						<method name="getCk" signature="()Ljava/lang/String;" line-rate="1.0" branch-rate="1.0">
							<lines>
								<line number="89" hits="66" branch="false"/>
							</lines>
						</method>
						<method name="getTags" signature="()Ljava/util/Map;" line-rate="1.0" branch-rate="1.0">
							<lines>
								<line number="97" hits="15" branch="false"/>
							</lines>
						</method>
						<method name="setFields" signature="([Ljava/lang/String;[Ljava/lang/String;)V" line-rate="0.0" branch-rate="1.0">
							<lines>
								<line number="93" hits="0" branch="false"/>
								<line number="94" hits="0" branch="false"/>
							</lines>
						</method>
						<method name="toBibtex" signature="()Ljava/lang/String;" line-rate="1.0" branch-rate="1.0">
							<lines>
								<line number="67" hits="78" branch="false"/>
								<line number="68" hits="78" branch="false"/>
								<line number="69" hits="78" branch="true" condition-coverage="100% (2/2)">
									<conditions>
										<condition number="0" type="jump" coverage="100%"/>
									</conditions>
								</line>
								<line number="70" hits="144" branch="false"/>
								<line number="71" hits="144" branch="false"/>
								<line number="72" hits="144" branch="false"/>
								<line number="73" hits="78" branch="false"/>
								<line number="74" hits="78" branch="false"/>
								<line number="75" hits="78" branch="false"/>
							</lines>
						</method>
						<method name="toString" signature="()Ljava/lang/String;" line-rate="1.0" branch-rate="1.0">
							<lines>
								<line number="80" hits="6" branch="false"/>
								<line number="81" hits="6" branch="true" condition-coverage="100% (2/2)">
									<conditions>
										<condition number="0" type="jump" coverage="100%"/>
									</conditions>
								</line>
								<line number="82" hits="12" branch="false"/>
								<line number="83" hits="12" branch="false"/>
								<line number="84" hits="12" branch="false"/>
								<line number="85" hits="6" branch="false"/>
							</lines>
						</method>
						<method name="validate" signature="(Ljava/lang/String;)Ljava/lang/Boolean;" line-rate="1.0" branch-rate="1.0">
							<lines>
								<line number="60" hits="277" branch="true" condition-coverage="100% (4/4)">
									<conditions>
										<condition number="0" type="jump" coverage="100%"/>
										<condition number="1" type="jump" coverage="100%"/>
									</conditions>
								</line>
								<line number="61" hits="193" branch="false"/>
								<line number="63" hits="84" branch="false"/>
							</lines>
						</method>
					</methods>
					<lines>
						<line number="29" hits="459" branch="false"/>
						<line number="30" hits="459" branch="false"/>
						<line number="31" hits="459" branch="false"/>
						<line number="32" hits="459" branch="false"/>
						<line number="35" hits="459" branch="false"/>
						<line number="36" hits="459" branch="false"/>
						<line number="37" hits="459" branch="false"/>
						<line number="42" hits="30" branch="true" condition-coverage="100% (2/2)">
							<conditions>
								<condition number="0" type="jump" coverage="100%"/>
							</conditions>
						</line>
						<line number="43" hits="48" branch="false"/>
						<line number="44" hits="48" branch="false"/>
						<line number="45" hits="30" branch="false"/>
						<line number="49" hits="277" branch="true" condition-coverage="100% (2/2)">
							<conditions>
								<condition number="0" type="jump" coverage="100%"/>
							</conditions>
						</line>
						<line number="50" hits="84" branch="false"/>
						<line number="52" hits="193" branch="true" condition-coverage="100% (2/2)">
							<conditions>
								<condition number="0" type="jump" coverage="100%"/>
							</conditions>
						</line>
						<line number="53" hits="38" branch="false"/>
						<line number="55" hits="155" branch="false"/>
						<line number="56" hits="155" branch="false"/>
						<line number="60" hits="277" branch="true" condition-coverage="100% (4/4)">
							<conditions>
								<condition number="0" type="jump" coverage="100%"/>
								<condition number="1" type="jump" coverage="100%"/>
							</conditions>
						</line>
						<line number="61" hits="193" branch="false"/>
						<line number="63" hits="84" branch="false"/>
						<line number="67" hits="78" branch="false"/>
						<line number="68" hits="78" branch="false"/>
						<line number="69" hits="78" branch="true" condition-coverage="100% (2/2)">
							<conditions>
								<condition number="0" type="jump" coverage="100%"/>
							</conditions>
						</line>
						<line number="70" hits="144" branch="false"/>
						<line number="71" hits="144" branch="false"/>
						<line number="72" hits="144" branch="false"/>
						<line number="73" hits="78" branch="false"/>
						<line number="74" hits="78" branch="false"/>
						<line number="75" hits="78" branch="false"/>
						<line number="80" hits="6" branch="false"/>
						<line number="81" hits="6" branch="true" condition-coverage="100% (2/2)">
							<conditions>
								<condition number="0" type="jump" coverage="100%"/>
							</conditions>
						</line>
						<line number="82" hits="12" branch="false"/>
						<line number="83" hits="12" branch="false"/>
						<line number="84" hits="12" branch="false"/>
						<line number="85" hits="6" branch="false"/>
						<line number="89" hits="66" branch="false"/>
						<line number="93" hits="0" branch="false"/>
						<line number="94" hits="0" branch="false"/>
						<line number="97" hits="15" branch="false"/>
					</lines>
				</class>
			</classes>
		</package>
		<package name="ohtu.io" line-rate="0.9047619047619048" branch-rate="1.0" complexity="1.4">
			<classes>
				<class name="ohtu.io.ConsoleIO" filename="ohtu/io/ConsoleIO.java" line-rate="1.0" branch-rate="1.0" complexity="1.0">
					<methods>
						<method name="&lt;init&gt;" signature="(Ljava/util/Scanner;)V" line-rate="1.0" branch-rate="1.0">
							<lines>
								<line number="9" hits="18" branch="false"/>
								<line number="10" hits="18" branch="false"/>
								<line number="11" hits="18" branch="false"/>
							</lines>
						</method>
						<method name="print" signature="(Ljava/lang/String;)V" line-rate="1.0" branch-rate="1.0">
							<lines>
								<line number="13" hits="6" branch="false"/>
								<line number="14" hits="6" branch="false"/>
							</lines>
						</method>
						<method name="readInt" signature="(Ljava/lang/String;)I" line-rate="1.0" branch-rate="1.0">
							<lines>
								<line number="17" hits="6" branch="false"/>
								<line number="18" hits="6" branch="false"/>
							</lines>
						</method>
						<method name="readLine" signature="(Ljava/lang/String;)Ljava/lang/String;" line-rate="1.0" branch-rate="1.0">
							<lines>
								<line number="22" hits="6" branch="false"/>
								<line number="23" hits="6" branch="false"/>
							</lines>
						</method>
					</methods>
					<lines>
						<line number="9" hits="18" branch="false"/>
						<line number="10" hits="18" branch="false"/>
						<line number="11" hits="18" branch="false"/>
						<line number="13" hits="6" branch="false"/>
						<line number="14" hits="6" branch="false"/>
						<line number="17" hits="6" branch="false"/>
						<line number="18" hits="6" branch="false"/>
						<line number="22" hits="6" branch="false"/>
						<line number="23" hits="6" branch="false"/>
					</lines>
				</class>
				<class name="ohtu.io.FileIO" filename="ohtu/io/FileIO.java" line-rate="0.8" branch-rate="1.0" complexity="2.3333333333333335">
					<methods>
						<method name="&lt;init&gt;" signature="()V" line-rate="1.0" branch-rate="1.0">
							<lines>
								<line number="19" hits="104" branch="false"/>
								<line number="20" hits="104" branch="false"/>
								<line number="21" hits="104" branch="false"/>
							</lines>
						</method>
						<method name="readFile" signature="(Ljava/lang/String;)Ljava/lang/String;" line-rate="0.7894736842105263" branch-rate="1.0">
							<lines>
								<line number="51" hits="12" branch="false"/>
								<line number="52" hits="12" branch="false"/>
								<line number="53" hits="12" branch="false"/>
								<line number="55" hits="12" branch="false"/>
								<line number="56" hits="0" branch="false"/>
								<line number="57" hits="0" branch="false"/>
								<line number="58" hits="12" branch="false"/>
								<line number="60" hits="12" branch="false"/>
								<line number="61" hits="12" branch="false"/>
								<line number="62" hits="24" branch="true" condition-coverage="100% (2/2)">
									<conditions>
										<condition number="0" type="jump" coverage="100%"/>
									</conditions>
								</line>
								<line number="63" hits="12" branch="false"/>
								<line number="64" hits="12" branch="false"/>
								<line number="65" hits="12" branch="false"/>
								<line number="67" hits="12" branch="false"/>
								<line number="68" hits="12" branch="false"/>
								<line number="69" hits="0" branch="false"/>
								<line number="70" hits="0" branch="false"/>
								<line number="71" hits="12" branch="false"/>
								<line number="72" hits="12" branch="false"/>
							</lines>
						</method>
						<method name="write" signature="(Ljava/lang/String;Ljava/lang/String;)V" line-rate="0.75" branch-rate="1.0">
							<lines>
								<line number="33" hits="18" branch="false"/>
								<line number="35" hits="18" branch="false"/>
								<line number="36" hits="18" branch="false"/>
								<line number="37" hits="18" branch="false"/>
								<line number="38" hits="0" branch="false"/>
								<line number="39" hits="0" branch="false"/>
								<line number="40" hits="18" branch="false"/>
								<line number="41" hits="18" branch="false"/>
							</lines>
						</method>
					</methods>
					<lines>
						<line number="19" hits="104" branch="false"/>
						<line number="20" hits="104" branch="false"/>
						<line number="21" hits="104" branch="false"/>
						<line number="33" hits="18" branch="false"/>
						<line number="35" hits="18" branch="false"/>
						<line number="36" hits="18" branch="false"/>
						<line number="37" hits="18" branch="false"/>
						<line number="38" hits="0" branch="false"/>
						<line number="39" hits="0" branch="false"/>
						<line number="40" hits="18" branch="false"/>
						<line number="41" hits="18" branch="false"/>
						<line number="51" hits="12" branch="false"/>
						<line number="52" hits="12" branch="false"/>
						<line number="53" hits="12" branch="false"/>
						<line number="55" hits="12" branch="false"/>
						<line number="56" hits="0" branch="false"/>
						<line number="57" hits="0" branch="false"/>
						<line number="58" hits="12" branch="false"/>
						<line number="60" hits="12" branch="false"/>
						<line number="61" hits="12" branch="false"/>
						<line number="62" hits="24" branch="true" condition-coverage="100% (2/2)">
							<conditions>
								<condition number="0" type="jump" coverage="100%"/>
							</conditions>
						</line>
						<line number="63" hits="12" branch="false"/>
						<line number="64" hits="12" branch="false"/>
						<line number="65" hits="12" branch="false"/>
						<line number="67" hits="12" branch="false"/>
						<line number="68" hits="12" branch="false"/>
						<line number="69" hits="0" branch="false"/>
						<line number="70" hits="0" branch="false"/>
						<line number="71" hits="12" branch="false"/>
						<line number="72" hits="12" branch="false"/>
					</lines>
				</class>
				<class name="ohtu.io.FileIOInterface" filename="ohtu/io/FileIOInterface.java" line-rate="1.0" branch-rate="1.0" complexity="1.0">
					<methods>
					</methods>
					<lines>
					</lines>
				</class>
				<class name="ohtu.io.IO" filename="ohtu/io/IO.java" line-rate="1.0" branch-rate="1.0" complexity="1.0">
					<methods>
					</methods>
					<lines>
					</lines>
				</class>
				<class name="ohtu.io.StubFileIO" filename="ohtu/io/StubFileIO.java" line-rate="1.0" branch-rate="1.0" complexity="1.6666666666666667">
					<methods>
						<method name="&lt;init&gt;" signature="()V" line-rate="1.0" branch-rate="1.0">
							<lines>
								<line number="15" hits="80" branch="false"/>
								<line number="16" hits="80" branch="false"/>
								<line number="17" hits="80" branch="false"/>
								<line number="18" hits="80" branch="false"/>
							</lines>
						</method>
						<method name="readFile" signature="(Ljava/lang/String;)Ljava/lang/String;" line-rate="1.0" branch-rate="1.0">
							<lines>
								<line number="22" hits="12" branch="true" condition-coverage="100% (2/2)">
									<conditions>
										<condition number="0" type="jump" coverage="100%"/>
									</conditions>
								</line>
								<line number="23" hits="6" branch="false"/>
								<line number="25" hits="6" branch="false"/>
							</lines>
						</method>
						<method name="write" signature="(Ljava/lang/String;Ljava/lang/String;)V" line-rate="1.0" branch-rate="1.0">
							<lines>
								<line number="30" hits="6" branch="false"/>
								<line number="31" hits="6" branch="false"/>
								<line number="32" hits="6" branch="false"/>
							</lines>
						</method>
					</methods>
					<lines>
						<line number="15" hits="80" branch="false"/>
						<line number="16" hits="80" branch="false"/>
						<line number="17" hits="80" branch="false"/>
						<line number="18" hits="80" branch="false"/>
						<line number="22" hits="12" branch="true" condition-coverage="100% (2/2)">
							<conditions>
								<condition number="0" type="jump" coverage="100%"/>
							</conditions>
						</line>
						<line number="23" hits="6" branch="false"/>
						<line number="25" hits="6" branch="false"/>
						<line number="30" hits="6" branch="false"/>
						<line number="31" hits="6" branch="false"/>
						<line number="32" hits="6" branch="false"/>
					</lines>
				</class>
				<class name="ohtu.io.StubIO" filename="ohtu/io/StubIO.java" line-rate="1.0" branch-rate="1.0" complexity="1.4">
					<methods>
						<method name="&lt;init&gt;" signature="([Ljava/lang/String;)V" line-rate="1.0" branch-rate="1.0">
							<lines>
								<line number="11" hits="18" branch="false"/>
								<line number="12" hits="18" branch="false"/>
								<line number="13" hits="18" branch="false"/>
								<line number="14" hits="18" branch="false"/>
								<line number="15" hits="18" branch="false"/>
							</lines>
						</method>
						<method name="getPrints" signature="()Ljava/util/ArrayList;" line-rate="1.0" branch-rate="1.0">
							<lines>
								<line number="27" hits="6" branch="false"/>
							</lines>
						</method>
						<method name="print" signature="(Ljava/lang/String;)V" line-rate="1.0" branch-rate="1.0">
							<lines>
								<line number="18" hits="30" branch="false"/>
								<line number="19" hits="30" branch="false"/>
							</lines>
						</method>
						<method name="readInt" signature="(Ljava/lang/String;)I" line-rate="1.0" branch-rate="1.0">
							<lines>
								<line number="22" hits="6" branch="false"/>
								<line number="23" hits="6" branch="false"/>
							</lines>
						</method>
						<method name="readLine" signature="(Ljava/lang/String;)Ljava/lang/String;" line-rate="1.0" branch-rate="1.0">
							<lines>
								<line number="31" hits="18" branch="false"/>
								<line number="32" hits="18" branch="true" condition-coverage="100% (2/2)">
									<conditions>
										<condition number="0" type="jump" coverage="100%"/>
									</conditions>
								</line>
								<line number="33" hits="6" branch="false"/>
								<line number="35" hits="12" branch="false"/>
							</lines>
						</method>
					</methods>
					<lines>
						<line number="11" hits="18" branch="false"/>
						<line number="12" hits="18" branch="false"/>
						<line number="13" hits="18" branch="false"/>
						<line number="14" hits="18" branch="false"/>
						<line number="15" hits="18" branch="false"/>
						<line number="18" hits="30" branch="false"/>
						<line number="19" hits="30" branch="false"/>
						<line number="22" hits="6" branch="false"/>
						<line number="23" hits="6" branch="false"/>
						<line number="27" hits="6" branch="false"/>
						<line number="31" hits="18" branch="false"/>
						<line number="32" hits="18" branch="true" condition-coverage="100% (2/2)">
							<conditions>
								<condition number="0" type="jump" coverage="100%"/>
							</conditions>
						</line>
						<line number="33" hits="6" branch="false"/>
						<line number="35" hits="12" branch="false"/>
					</lines>
				</class>
			</classes>
		</package>
		<package name="ohtu.util" line-rate="0.96875" branch-rate="1.0" complexity="1.5">
			<classes>
				<class name="ohtu.util.CharReplacer" filename="ohtu/util/CharReplacer.java" line-rate="0.96875" branch-rate="1.0" complexity="1.5">
					<methods>
						<method name="&lt;init&gt;" signature="()V" line-rate="0.0" branch-rate="1.0">
							<lines>
								<line number="10" hits="0" branch="false"/>
							</lines>
						</method>
						<method name="replaceBibtexFormatChars" signature="(Ljava/lang/String;)Ljava/lang/String;" line-rate="1.0" branch-rate="1.0">
							<lines>
								<line number="42" hits="36" branch="false"/>
								<line number="43" hits="36" branch="true" condition-coverage="100% (2/2)">
									<conditions>
										<condition number="0" type="jump" coverage="100%"/>
									</conditions>
								</line>
								<line number="44" hits="18" branch="false"/>
								<line number="45" hits="18" branch="false"/>
								<line number="46" hits="18" branch="false"/>
								<line number="47" hits="18" branch="false"/>
								<line number="48" hits="18" branch="false"/>
								<line number="49" hits="18" branch="false"/>
								<line number="50" hits="18" branch="false"/>
								<line number="51" hits="18" branch="false"/>
								<line number="52" hits="18" branch="false"/>
								<line number="53" hits="18" branch="false"/>
								<line number="54" hits="18" branch="false"/>
								<line number="55" hits="18" branch="false"/>
								<line number="56" hits="18" branch="false"/>
								<line number="58" hits="36" branch="false"/>
							</lines>
						</method>
						<method name="replaceSpecialChars" signature="(Ljava/lang/String;)Ljava/lang/String;" line-rate="1.0" branch-rate="1.0">
							<lines>
								<line number="18" hits="42" branch="false"/>
								<line number="19" hits="42" branch="false"/>
								<line number="20" hits="42" branch="false"/>
								<line number="21" hits="42" branch="false"/>
								<line number="22" hits="42" branch="false"/>
								<line number="23" hits="42" branch="false"/>
								<line number="24" hits="42" branch="false"/>
								<line number="25" hits="42" branch="false"/>
								<line number="26" hits="42" branch="false"/>
								<line number="27" hits="42" branch="false"/>
								<line number="28" hits="42" branch="false"/>
								<line number="29" hits="42" branch="false"/>
								<line number="30" hits="42" branch="false"/>
								<line number="31" hits="42" branch="false"/>
								<line number="32" hits="42" branch="false"/>
							</lines>
						</method>
					</methods>
					<lines>
						<line number="10" hits="0" branch="false"/>
						<line number="18" hits="42" branch="false"/>
						<line number="19" hits="42" branch="false"/>
						<line number="20" hits="42" branch="false"/>
						<line number="21" hits="42" branch="false"/>
						<line number="22" hits="42" branch="false"/>
						<line number="23" hits="42" branch="false"/>
						<line number="24" hits="42" branch="false"/>
						<line number="25" hits="42" branch="false"/>
						<line number="26" hits="42" branch="false"/>
						<line number="27" hits="42" branch="false"/>
						<line number="28" hits="42" branch="false"/>
						<line number="29" hits="42" branch="false"/>
						<line number="30" hits="42" branch="false"/>
						<line number="31" hits="42" branch="false"/>
						<line number="32" hits="42" branch="false"/>
						<line number="42" hits="36" branch="false"/>
						<line number="43" hits="36" branch="true" condition-coverage="100% (2/2)">
							<conditions>
								<condition number="0" type="jump" coverage="100%"/>
							</conditions>
						</line>
						<line number="44" hits="18" branch="false"/>
						<line number="45" hits="18" branch="false"/>
						<line number="46" hits="18" branch="false"/>
						<line number="47" hits="18" branch="false"/>
						<line number="48" hits="18" branch="false"/>
						<line number="49" hits="18" branch="false"/>
						<line number="50" hits="18" branch="false"/>
						<line number="51" hits="18" branch="false"/>
						<line number="52" hits="18" branch="false"/>
						<line number="53" hits="18" branch="false"/>
						<line number="54" hits="18" branch="false"/>
						<line number="55" hits="18" branch="false"/>
						<line number="56" hits="18" branch="false"/>
						<line number="58" hits="36" branch="false"/>
					</lines>
				</class>
			</classes>
		</package>
	</packages>
</coverage>
